<!--
  ~ SPDX-License-Identifier: Apache-2.0
  ~ Copyright Red Hat Inc. and Hibernate Authors
  -->

<!-- 
	HANA tests should use SRID 0 since not all functions are supported on SRID 4326.
	Also, points specifying M and/or Z axes must be specified as POINT M(...) or POINT ZM(...).
 -->
<TestData>
    <Element>
        <id>1</id>
        <type>POINT</type>
        <wkt>POINT(10 5)</wkt>
    </Element>
    <Element>
        <id>2</id>
        <type>POINT</type>
        <wkt>POINT(52.25 2.75)</wkt>
    </Element>

    <Element>
        <id>3</id>
        <type>POINT</type>
        <wkt>POINT(150000 200000)</wkt>
    </Element>

    <Element>
        <id>4</id>
        <type>POINT</type>
        <wkt>POINT ZM(10.0 2.0 1.0 3.0)</wkt>
    </Element>

    <Element>
        <id>5</id>
        <type>LINESTRING</type>
        <wkt>LINESTRING(10.0 5.0, 20.0 15.0)</wkt>
    </Element>

    <Element>
        <id>6</id>
        <type>LINESTRING</type>
        <wkt>LINESTRING(10.0 5.0, 20.0 15.0, 30.25 22.375, 10 30.0)</wkt>
    </Element>


    <Element>
        <id>7</id>
        <type>LINESTRING</type>
        <wkt>LINESTRING M(10.0 5.0 0.0, 20.0 15.0 3.0)</wkt>
    </Element>

    <Element>
        <id>8</id>
        <type>LINESTRING</type>
        <wkt>LINESTRING ZM(10.0 5.0 0.0 0.0, 20.0 15.0 3.0 1.0)</wkt>
    </Element>

    <Element>
        <id>9</id>
        <type>LINESTRING</type>
        <wkt>LINESTRING M(10.0 5.0 1, 20.0 15.0 2, 30.25 22.375 5, 10 30.0 2)</wkt>
    </Element>

    <Element>
        <id>10</id>
        <type>LINESTRING</type>
        <wkt>LINESTRING ZM(10.0 5.0 1 1, 20.0 15.0 2 3, 30.25 22.375 5 10, 10 30.0 2 12)</wkt>
    </Element>

    <Element>
        <id>11</id>
        <type>MULTILINESTRING</type>
        <wkt>MULTILINESTRING((10.0 5.0, 20.0 15.0),( 25.0 30.0, 30.0 20.0))</wkt>
    </Element>

    <Element>
        <id>12</id>
        <type>MULTILINESTRING</type>
        <wkt>MULTILINESTRING((10.0 5.0, 20.0 15.0, 30.25 22.375, 10 30.0), (40.0 20.0, 42.0 18.0, 43.0 16.0, 40 14.0))
        </wkt>
    </Element>

    <Element>
        <id>13</id>
        <type>MULTILINESTRING</type>
        <wkt>MULTILINESTRING M((10.0 5.0 1.0, 20.0 15.0 2.0, 30.25 22.375 1.0, 10 30.0 1.0),(40.0 20.0 0.0, 42.0 18.0
            1.0,
            43.0 16.0 2.0, 40 14.0 3.0))
        </wkt>
    </Element>

    <Element>
        <id>14</id>
        <type>MULTILINESTRING</type>
        <wkt>MULTILINESTRING ZM((10.0 5.0 1.0 0.0, 20.0 15.0 2.0 0.0, 30.25 22.375 1.0 1.0, 10 30.0 1.0 2.0),(40.0 20.0
            0.0
            3.0, 42.0 18.0 1.0 4.0, 43.0 16.0 2.0 5.0, 40 14.0 3.0 6.0))
        </wkt>
    </Element>

    <Element>
        <id>15</id>
        <type>MULTILINESTRING</type>
        <wkt>MULTILINESTRING ZM((10.0 5.0 1.0 0.0, 20.0 15.0 2.0 0.0, 30.25 22.375 1.0 1.0, 10 30.0 1.0 2.0))</wkt>
    </Element>

    <Element>
        <id>16</id>
        <type>POLYGON</type>
        <wkt>POLYGON( (0 0, 10 0, 10 10, 0 10, 0 0) )</wkt>
    </Element>
    <Element>
        <id>17</id>
        <type>POLYGON</type>
        <wkt>POLYGON M( (0 0 0, 10 0 1, 10 10 1, 0 10 1, 0 0 0) )</wkt>
    </Element>
    <Element>
        <id>18</id>
        <type>POLYGON</type>
        <wkt>POLYGON( (0 0, 10 0, 10 10, 0 10, 0 0), (2 2, 2 5, 5 5,5 2, 2 2))</wkt>
    </Element>
    <Element>
        <id>19</id>
        <type>POLYGON</type>
        <wkt>POLYGON( (110 110, 120 110, 120 120, 110 120, 110 110) )</wkt>
    </Element>

    <Element>
        <id>20</id>
        <type>MULTIPOLYGON</type>
        <wkt>MULTIPOLYGON( ((10 20, 44 50, 30 40, 10 20)), ((105 100, 130 134, 120 140, 105 100)) )</wkt>
    </Element>
    <Element>
        <id>21</id>
        <type>MULTIPOLYGON</type>
        <wkt>MULTIPOLYGON M( ((10 20 1, 44 50 2, 30 40 2, 10 20 1)), ((105 100 0, 130 134 20, 120 140 10, 105 100 0)) )
        </wkt>
    </Element>
    <Element>
        <id>22</id>
        <type>MULTIPOLYGON</type>
        <wkt>MULTIPOLYGON(( (0 0, 50 0, 50 50, 0 50, 0 0), (10 10, 10 20, 20 20, 20 10, 10 10) ),((105 100, 130 134, 120
            140, 105 100)) )
        </wkt>
    </Element>

    <Element>
        <id>25</id>
        <type>MULTIPOINT</type>
        <wkt>MULTIPOINT(21 2, 25 5, 30 3)</wkt>
    </Element>
    <Element>
        <id>26</id>
        <type>MULTIPOINT</type>
        <wkt>MULTIPOINT(21 2)</wkt>
    </Element>
    <Element>
        <id>27</id>
        <type>MULTIPOINT</type>
        <wkt>MULTIPOINT M(21 2 1, 25 5 2, 30 3 5)</wkt>
    </Element>
    <Element>
        <id>28</id>
        <type>MULTIPOINT</type>
        <wkt>MULTIPOINT ZM(21 2 1 0, 25 5 2 4, 30 3 5 2)</wkt>
    </Element>

    <Element>
        <id>30</id>
        <type>GEOMETRYCOLLECTION</type>
        <wkt>GEOMETRYCOLLECTION(POINT(4 0), LINESTRING(4 2, 5 3))</wkt>
    </Element>
    <Element>
        <id>31</id>
        <type>GEOMETRYCOLLECTION</type>
        <wkt>GEOMETRYCOLLECTION(POINT(4 0), LINESTRING(4 2, 5 3), POLYGON((0 0, 3 0, 3 3,0 3, 0 0)))</wkt>
    </Element>
    <Element>
        <id>32</id>
        <type>GEOMETRYCOLLECTION</type>
        <wkt>GEOMETRYCOLLECTION(POINT(4 0), LINESTRING(4 2, 5 3), POLYGON((0 0, 3 0, 3 3,0 3, 0 0),(1 1, 1 2, 2 2, 2 1,
            1 1)))
        </wkt>
    </Element>
    <Element>
        <id>33</id>
        <type>GEOMETRYCOLLECTION</type>
        <wkt>GEOMETRYCOLLECTION( MULTIPOINT(21 2, 25 5, 30 3), MULTIPOLYGON( ((10 20, 44 50, 30 40, 10 20)), ((105 100,
            130 134, 120 140, 105 100)) ), MULTILINESTRING((10.0 5.0, 20.0 15.0),( 25.0 30.0, 30.0 20.0)))
        </wkt>
    </Element>
    <Element>
        <id>34</id>
        <type>GEOMETRYCOLLECTION</type>
        <wkt>GEOMETRYCOLLECTION(POINT(4 0), POINT EMPTY, LINESTRING(4 2, 5 3))</wkt>
    </Element>
    <Element>
        <id>35</id>
        <type>GEOMETRYCOLLECTION</type>
        <wkt>GEOMETRYCOLLECTION(POINT(4 0), LINESTRING EMPTY, LINESTRING(4 2, 5 3))</wkt>
    </Element>
    <Element>
        <id>36</id>
        <type>GEOMETRYCOLLECTION</type>
        <wkt>GEOMETRYCOLLECTION(POINT(4 0), GEOMETRYCOLLECTION EMPTY, LINESTRING(4 2, 5 3))</wkt>
    </Element>
    <Element>
        <id>37</id>
        <type>GEOMETRYCOLLECTION</type>
        <wkt>GEOMETRYCOLLECTION(POINT(4 0), POLYGON EMPTY, LINESTRING(4 2, 5 3))</wkt>
    </Element>
    <Element>
        <id>38</id>
        <type>GEOMETRYCOLLECTION</type>
        <wkt>GEOMETRYCOLLECTION(POINT(4 0), MULTILINESTRING EMPTY, LINESTRING(4 2, 5 3))</wkt>
    </Element>
    <Element>
        <id>39</id>
        <type>GEOMETRYCOLLECTION</type>
        <wkt>GEOMETRYCOLLECTION(POINT(4 0), MULTIPOINT EMPTY, LINESTRING(4 2, 5 3))</wkt>
    </Element>
    <Element>
        <id>40</id>
        <type>GEOMETRYCOLLECTION</type>
        <wkt>GEOMETRYCOLLECTION(POINT(4 0), MULTIPOLYGON EMPTY, LINESTRING(4 2, 5 3))</wkt>
    </Element>

    <Element>
        <id>50</id>
        <type>POINT</type>
        <wkt>POINT EMPTY</wkt>
    </Element>
    <Element>
        <id>51</id>
        <type>LINESTRING</type>
        <wkt>LINESTRING EMPTY</wkt>
    </Element>
    <Element>
        <id>52</id>
        <type>POLYGON</type>
        <wkt>POLYGON EMPTY</wkt>
    </Element>
    <Element>
        <id>53</id>
        <type>MULTIPOINT</type>
        <wkt>MULTIPOINT EMPTY</wkt>
    </Element>
    <Element>
        <id>54</id>
        <type>MULTILINESTRING</type>
        <wkt>MULTILINESTRING EMPTY</wkt>
    </Element>
    <Element>
        <id>55</id>
        <type>MULTIPOLYGON</type>
        <wkt>MULTIPOLYGON EMPTY</wkt>
    </Element>
    <Element>
        <id>56</id>
        <type>GEOMETRYCOLLECTION</type>
        <wkt>GEOMETRYCOLLECTION EMPTY</wkt>
    </Element>


</TestData>
