<!--
  ~ SPDX-License-Identifier: Apache-2.0
  ~ Copyright Red Hat Inc. and Hibernate Authors
  -->

<!--
 Special test data set for testing store/retrieve in Oracle Spatial 10g (SDOGeometry)
-->

<TestData>
    <Element>
        <id>1</id>
        <type>POINT</type>
        <sdo>SDO_GEOMETRY(2001, 0, SDO_POINT_TYPE(10, 5, NULL), NULL, NULL)</sdo>
        <wkt>SRID=4326;POINT(10 5)</wkt>
    </Element>
    <Element>
        <id>2</id>
        <type>POINT</type>
        <sdo>SDO_GEOMETRY(2001, 4326, SDO_POINT_TYPE(52.25, 2.53, NULL), NULL, NULL)</sdo>
        <wkt>SRID=4326;POINT(52.25 2.53)</wkt>
    </Element>

    <Element>
        <id>3</id>
        <type>POINT</type>
        <sdo>SDO_GEOMETRY(3001, 31370, SDO_POINT_TYPE(150000, 200000, 500), NULL, NULL)</sdo>
        <wkt>SRID=4326;POINT(150000 200000 500)</wkt>
    </Element>
    <Element>
        <id>4</id>
        <type>POINT</type>
        <sdo>SDO_GEOMETRY(4401, 4326, NULL, SDO_ELEM_INFO_ARRAY(1,1,1), SDO_ORDINATE_ARRAY(10.0, 2.0, 1.0, 3.0))</sdo>
        <wkt>SRID=4326;POINT(10.0 2.0 1.0 3.0)</wkt>
    </Element>

    <Element>
        <id>5</id>
        <type>LINESTRING</type>
        <wkt>SRID=4326;LINESTRING(10.0 5.0, 20.0 15.0)</wkt>
        <sdo>SDO_GEOMETRY(2002, 4326, NULL, SDO_ELEM_INFO_ARRAY(1,2,1), SDO_ORDINATE_ARRAY(10.0, 5.0, 20.0, 15.0))</sdo>
    </Element>

    <Element>
        <id>6</id>
        <type>LINESTRING</type>
        <wkt>SRID=4326;LINESTRING(10.0 5.0, 20.0 15.0, 30.3 22.4, 10 30.0)</wkt>
        <sdo>SDO_GEOMETRY(2002, 4326, NULL, SDO_ELEM_INFO_ARRAY(1,2,1), SDO_ORDINATE_ARRAY(10.0, 5.0, 20.0, 15.0, 30.3,
            22.4, 10.0, 30.0 ))
        </sdo>
    </Element>

    <Element>
        <id>7</id>
        <type>LINESTRING</type>
        <wkt>SRID=4326;LINESTRING(10.0 5.0 0.0, 20.0 15.0 3.0)</wkt>
        <sdo>SDO_GEOMETRY(3002, 4326, NULL, SDO_ELEM_INFO_ARRAY(1,2,1), SDO_ORDINATE_ARRAY(10.0, 5.0, 0.0, 20.0, 15, 3.0
            ))
        </sdo>
    </Element>

    <Element>
        <id>8</id>
        <type>LINESTRING</type>
        <wkt>SRID=4326;LINESTRING(10.0 5.0 0.0 0.0, 20.0 15.0 3.0 1.0)</wkt>
        <sdo>SDO_GEOMETRY(4402, 4326, NULL, SDO_ELEM_INFO_ARRAY(1,2,1), SDO_ORDINATE_ARRAY(10.0, 5.0, 0.0, 0.0, 20.0,
            15, 3.0, 1.0))
        </sdo>
    </Element>

    <Element>
        <id>9</id>
        <type>LINESTRING</type>
        <wkt>SRID=4326;LINESTRING(10.0 5.0 1, 20.0 15.0 2, 30.3 22.4 5, 10 30.0 2)</wkt>
        <sdo>SDO_GEOMETRY(3002, 4326, NULL, SDO_ELEM_INFO_ARRAY(1,2,1), SDO_ORDINATE_ARRAY(10.0, 5.0, 1.0,20.0, 15, 2.0,
            30.3, 22.4, 5.0, 10.0, 30.0, 2.0))
        </sdo>
    </Element>

    <Element>
        <id>10</id>
        <type>LINESTRING</type>
        <wkt>SRID=4326;LINESTRING(10.0 5.0 1 1, 20.0 15.0 2 3, 30.3 22.4 5 10, 10 30.0 2 12)</wkt>
        <sdo>SDO_GEOMETRY(4402, 4326, NULL, SDO_ELEM_INFO_ARRAY(1,2,1), SDO_ORDINATE_ARRAY(10.0,5.0,1,1, 20.0, 15.0, 2,
            3, 30.3, 22.4, 5, 10, 10, 30.0, 2, 12))
        </sdo>
    </Element>

    <Element>
        <id>11</id>
        <type>MULTILINESTRING</type>
        <wkt>SRID=4326;MULTILINESTRING((10.0 5.0, 20.0 15.0),( 25.0 30.0, 30.0 20.0))</wkt>
        <sdo>SDO_GEOMETRY(2006, 4326, NULL, SDO_ELEM_INFO_ARRAY(1,2,1,5,2,1), SDO_ORDINATE_ARRAY(10.0, 5.0, 20.0,
            15.0,25.0,30.0, 30.0,20.0))
        </sdo>
    </Element>

    <Element>
        <id>12</id>
        <type>MULTILINESTRING</type>
        <wkt>SRID=4326;MULTILINESTRING((10.0 5.0, 20.0 15.0, 30.3 22.4, 10 30.0), (40.0 20.0, 42.0 18.0, 43.0 16.0, 40
            14.0))
        </wkt>
        <sdo>SDO_GEOMETRY(2006, 4326, NULL, SDO_ELEM_INFO_ARRAY(1,2,1,9,2,1),
            SDO_ORDINATE_ARRAY(10.0,5.0,20.0,15.0,30.3,22.4,10,30.0,40.0,20.0,42.0,18.0,43.0,16.0,40,14.0))
        </sdo>
    </Element>

    <Element>
        <id>13</id>
        <type>SRID=4326;MULTILINESTRING</type>
        <wkt>MULTILINESTRING((10.0 5.0 1.0, 20.0 15.0 2.0, 30.3 22.4 1.0, 10 30.0 1.0),(40.0 20.0 0.0, 42.0 18.0 1.0,
            43.0 16.0 2.0, 40 14.0 3.0))
        </wkt>
        <sdo>SDO_GEOMETRY(3006, 4326, NULL, SDO_ELEM_INFO_ARRAY(1,2,1,13,2,1),
            SDO_ORDINATE_ARRAY(10.0,5.0,1.0,20.0,15.0,2.0,30.3,22.4,1.0,10,30.0,1.0,40.0,20.0,0.0,42.0,18.0,1.0,43.0,16.0,2.0,40,14.0,3.0))
        </sdo>
    </Element>

    <Element>
        <id>14</id>
        <type>MULTILINESTRING</type>
        <wkt>SRID=4326;MULTILINESTRING((10.0 5.0 1.0 0.0, 20.0 15.0 2.0 0.0, 30.3 22.4 1.0 1.0, 10 30.0 1.0 2.0),(40.0
            20.0 0.0
            3.0, 42.0 18.0 1.0 4.0, 43.0 16.0 2.0 5.0, 40 14.0 3.0 6.0))
        </wkt>
        <sdo>SDO_GEOMETRY(4406, 4326, NULL, SDO_ELEM_INFO_ARRAY(1,2,1,17,2,1),
            SDO_ORDINATE_ARRAY(10.0,5.0,1.0,0.0,20.0,15.0,2.0,0.0,30.3,22.4,1.0,1.0,10,30.0,1.0,2.0,40.0,20.0,0.0,3.0,42.0,18.0,1.0,4.0,43.0,16.0,2.0,5.0,40,14.0,3.0,6.0))
        </sdo>
    </Element>

    <Element>
        <id>15</id>
        <type>MULTILINESTRING</type>
        <wkt>SRID=4326;MULTILINESTRING((10.0 5.0 1.0 0.0, 20.0 15.0 2.0 0.0, 30.3 22.4 1.0 1.0, 10 30.0 1.0 2.0))</wkt>
        <sdo>SDO_GEOMETRY(4406, 4326, NULL, SDO_ELEM_INFO_ARRAY(1,2,1),
            SDO_ORDINATE_ARRAY(10.0,5.0,1.0,0.0,20.0,15.0,2.0,0.0,30.3,22.4,1.0,1.0,10,30.0,1.0,2.0))
        </sdo>
    </Element>


    <Element>
        <id>16</id>
        <type>POLYGON</type>
        <wkt>SRID=4326;POLYGON( (0 0, 0 10, 10 10, 10 0, 0 0) )</wkt>
        <sdo>SDO_GEOMETRY(2003, 4326, NULL, SDO_ELEM_INFO_ARRAY(1, 1003, 1),
            SDO_ORDINATE_ARRAY(0,0,0,10,10,10,10,0,0,0))
        </sdo>
    </Element>


    <Element>
        <id>17</id>
        <type>POLYGON</type>
        <wkt>SRID=4326;POLYGON( (0 0 0, 0 10 1, 10 10 1, 10 0 1, 0 0 0) )</wkt>
        <sdo>SDO_GEOMETRY(3003, 4326, NULL, SDO_ELEM_INFO_ARRAY(1, 1003, 1),
            SDO_ORDINATE_ARRAY(0,0,0,0,10,1,10,10,1,10,0,1,0,0,0))
        </sdo>
    </Element>
    <Element>
        <id>18</id>
        <type>POLYGON</type>
        <wkt>SRID=4326;POLYGON( (0 0, 0 10, 10 10, 10 0, 0 0), (2 2, 2 5, 5 5,5 2, 2 2))</wkt>
        <sdo>SDO_GEOMETRY(2003, 4326, NULL, SDO_ELEM_INFO_ARRAY(1, 1003, 1, 11, 2003, 1), SDO_ORDINATE_ARRAY(0, 0, 0,
            10, 10, 10, 10, 0, 0, 0, 2, 2, 2, 5, 5, 5, 5, 2, 2, 2))
        </sdo>
    </Element>
    <Element>
        <id>19</id>
        <type>POLYGON</type>
        <wkt>SRID=4326;POLYGON( (110 110, 110 120, 120 120, 120 110, 110 110) )</wkt>
        <sdo>SDO_GEOMETRY(2003, 4326, NULL, SDO_ELEM_INFO_ARRAY(1, 1003, 1),
            SDO_ORDINATE_ARRAY(110,110,110,120,120,120,120,110,110,110))
        </sdo>
    </Element>

    <Element>
        <id>20</id>
        <type>MULTIPOLYGON</type>
        <wkt>SRID=4326;MULTIPOLYGON( ((10 20, 30 40, 44 50, 10 20)), ((105 100, 120 140, 130 134, 105 100)) )</wkt>
        <sdo>SDO_GEOMETRY(2007, 4326, NULL, SDO_ELEM_INFO_ARRAY(1, 1003, 1, 9, 1003, 1), SDO_ORDINATE_ARRAY(10, 20, 30,
            40, 44, 50, 10, 20, 105, 100, 120, 140, 130, 134, 105, 100))
        </sdo>
    </Element>
    <Element>
        <id>21</id>
        <type>MULTIPOLYGON</type>
        <wkt>SRID=4326;MULTIPOLYGON( ((10 20 1, 30 40 2, 44 50 2, 10 20 1)), ((105 100 0, 120 140 10, 130 134 20, 105
            100 0)) )
        </wkt>
        <sdo>SDO_GEOMETRY(3007, 4326, NULL, SDO_ELEM_INFO_ARRAY(1, 1003, 1, 13, 1003, 1),
            SDO_ORDINATE_ARRAY(10,20,1,30,40,2,44,50,2,10,20,1,105,100,0,120,140,10,130,134,20,105,100,0))
        </sdo>
    </Element>
    <Element>
        <id>22</id>
        <type>MULTIPOLYGON</type>
        <wkt>SRID=4326;MULTIPOLYGON(( (0 0, 0 50, 50 50, 50 0, 0 0), (10 10, 10 20, 20 20, 20 10, 10 10) ),((105 100,
            120 140, 130
            134, 105 100)))
        </wkt>
        <sdo>SDO_GEOMETRY(2007, 4326, NULL, SDO_ELEM_INFO_ARRAY(1, 1003, 1, 11, 2003, 1, 21, 1003, 1),
            SDO_ORDINATE_ARRAY(0, 0, 0, 50, 50, 50, 50, 0, 0, 0, 10, 10, 10, 20, 20, 20, 20, 10, 10, 10, 105, 100, 120,
            140, 130, 134, 105, 100))
        </sdo>
    </Element>


    <Element>
        <id>25</id>
        <type>MULTIPOINT</type>
        <wkt>SRID=4326;MULTIPOINT(21 2, 25 5, 30 3)</wkt>
        <sdo>SDO_GEOMETRY(2005, 4326, NULL, SDO_ELEM_INFO_ARRAY(1,1,1), SDO_ORDINATE_ARRAY(21,2,25,5,30,3))</sdo>
    </Element>
    <Element>
        <id>26</id>
        <type>MULTIPOINT</type>
        <wkt>SRID=4326;MULTIPOINT(21 2)</wkt>
        <sdo>SDO_GEOMETRY(2005, 4326, NULL, SDO_ELEM_INFO_ARRAY(1,1,1), SDO_ORDINATE_ARRAY(21,2))</sdo>
    </Element>
    <Element>
        <id>27</id>
        <type>MULTIPOINT</type>
        <wkt>SRID=4326;MULTIPOINT(21 2 1, 25 5 2, 30 3 5)</wkt>
        <sdo>SDO_GEOMETRY(3005, 4326, NULL, SDO_ELEM_INFO_ARRAY(1,1,1), SDO_ORDINATE_ARRAY(21,2,1,25,5,2,30,3,5))</sdo>
    </Element>
    <Element>
        <id>28</id>
        <type>MULTIPOINT</type>
        <wkt>SRID=4326;MULTIPOINT(21 2 1 0, 25 5 2 4, 30 3 5 2)</wkt>
        <sdo>SDO_GEOMETRY(4405, 4326, NULL, SDO_ELEM_INFO_ARRAY(1,1,1),
            SDO_ORDINATE_ARRAY(21,2,1,0,25,5,2,4,30,3,5,2))
        </sdo>
    </Element>

    <!--

    <Element>
        <id>30</id>
        <type>GEOMETRYCOLLECTION</type>
        <wkt>GEOMETRYCOLLECTION(POINT(4 0), LINESTRING(4 2, 5 3))</wkt>
        <srid>4326</srid>
    </Element>
    <Element>
        <id>31</id>
        <type>GEOMETRYCOLLECTION</type>
        <wkt>GEOMETRYCOLLECTION(POINT(4 0), LINESTRING(4 2, 5 3), POLYGON((0 0, 3 0, 3 3,0 3, 0 0)))</wkt>
        <srid>4326</srid>
    </Element>
    <Element>
        <id>32</id>
        <type>GEOMETRYCOLLECTION</type>
        <wkt>GEOMETRYCOLLECTION(POINT(4 0), LINESTRING(4 2, 5 3), POLYGON((0 0, 3 0, 3 3,0 3, 0 0),(1 1, 2 1, 2 2, 1 2,
            1 1)))
        </wkt>
        <srid>4326</srid>
    </Element>
    <Element>
        <id>33</id>
        <type>GEOMETRYCOLLECTION</type>
        <wkt>GEOMETRYCOLLECTION( MULTIPOINT(21 2, 25 5, 30 3), MULTIPOLYGON( ((10 20, 30 40, 44 50, 10 20)), ((105 100,
            120 140, 130 134, 105 100)) ), MULTILINESTRING((10.0 5.0, 20.0 15.0),( 25.0 30.0, 30.0 20.0)))
        </wkt>
        <srid>4326</srid>
    </Element>

    -->

    <!-- storing empty geometries is unsupported in the current version -->

    <!--
    <Element>
        <id>34</id>
        <type>GEOMETRYCOLLECTION</type>
        <wkt>GEOMETRYCOLLECTION(POINT(4 0), POINT EMPTY, LINESTRING(4 2, 5 3))</wkt>
        <srid>4326</srid>
    </Element>
    <Element>
        <id>35</id>
        <type>GEOMETRYCOLLECTION</type>
        <wkt>GEOMETRYCOLLECTION(POINT(4 0), LINESTRING EMPTY, LINESTRING(4 2, 5 3))</wkt>
        <srid>4326</srid>
    </Element>
    <Element>
        <id>36</id>
        <type>GEOMETRYCOLLECTION</type>
        <wkt>GEOMETRYCOLLECTION(POINT(4 0), GEOMETRYCOLLECTION EMPTY, LINESTRING(4 2, 5 3))</wkt>
        <srid>4326</srid>
    </Element>
    <Element>
        <id>37</id>
        <type>GEOMETRYCOLLECTION</type>
        <wkt>GEOMETRYCOLLECTION(POINT(4 0), POLYGON EMPTY, LINESTRING(4 2, 5 3))</wkt>
        <srid>4326</srid>
    </Element>
    <Element>
        <id>38</id>
        <type>GEOMETRYCOLLECTION</type>
        <wkt>GEOMETRYCOLLECTION(POINT(4 0), MULTILINESTRING EMPTY, LINESTRING(4 2, 5 3))</wkt>
        <srid>4326</srid>
    </Element>
    <Element>
        <id>39</id>
        <type>GEOMETRYCOLLECTION</type>
        <wkt>GEOMETRYCOLLECTION(POINT(4 0), MULTIPOINT EMPTY, LINESTRING(4 2, 5 3))</wkt>
        <srid>4326</srid>
    </Element>
    <Element>
        <id>40</id>
        <type>GEOMETRYCOLLECTION</type>
        <wkt>GEOMETRYCOLLECTION(POINT(4 0), MULTIPOLYGON EMPTY, LINESTRING(4 2, 5 3))</wkt>
        <srid>4326</srid>
    </Element>

    <Element>
        <id>50</id>
        <type>POINT</type>
        <wkt>POINT EMPTY</wkt>
        <srid>4326</srid>
    </Element>
    <Element>
        <id>51</id>
        <type>LINESTRING</type>
        <wkt>LINESTRING EMPTY</wkt>
        <srid>4326</srid>
    </Element>
    <Element>
        <id>52</id>
        <type>POLYGON</type>
        <wkt>POLYGON EMPTY</wkt>
        <srid>4326</srid>
    </Element>
    <Element>
        <id>53</id>
        <type>MULTIPOINT</type>
        <wkt>MULTIPOINT EMPTY</wkt>
        <srid>4326</srid>
    </Element>
    <Element>
        <id>54</id>
        <type>MULTILINESTRING</type>
        <wkt>MULTILINESTRING EMPTY</wkt>
        <srid>4326</srid>
    </Element>
    <Element>
        <id>55</id>
        <type>MULTIPOLYGON</type>
        <wkt>MULTIPOLYGON EMPTY</wkt>
        <srid>4326</srid>
    </Element>
    <Element>
        <id>56</id>
        <type>GEOMETRYCOLLECTION</type>
        <wkt>GEOMETRYCOLLECTION EMPTY</wkt>
        <srid>4326</srid>
    </Element>
 -->

</TestData>
