<!--
  ~ SPDX-License-Identifier: Apache-2.0
  ~ Copyright Red Hat Inc. and Hibernate Authors
  -->
<TestData>
    <Element>
        <id>1</id>
        <type>POINT</type>
        <wkt>SRID=0;POINT(10 5)</wkt>
    </Element>
    <Element>
        <id>2</id>
        <type>POINT</type>
        <wkt>SRID=4326;POINT(52.25 2.53)</wkt>
    </Element>
    <Element>
        <id>4</id>
        <type>POINT</type>
        <wkt>SRID=4326;POINT ZM(10.0 2.0 1.0 3.0)</wkt>
    </Element>

    <Element>
        <id>5</id>
        <type>LINESTRING</type>
        <wkt>SRID=4326;LINESTRING(10.0 5.0, 20.0 15.0)</wkt>
    </Element>

    <Element>
        <id>6</id>
        <type>LINESTRING</type>
        <wkt>SRID=4326;LINESTRING(10.0 5.0, 20.0 15.0, 30.3 22.4, 10 30.0)</wkt>
    </Element>

    <Element>
        <id>7</id>
        <type>LINESTRING</type>
        <wkt>SRID=4326;LINESTRING Z(10.0 5.0 0.0, 20.0 15.0 3.0)</wkt>
    </Element>

    <Element>
        <id>8</id>
        <type>LINESTRING</type>
        <wkt>SRID=4326;LINESTRING ZM(10.0 5.0 0.0 0.0, 20.0 15.0 3.0 1.0)</wkt>
    </Element>

    <Element>
        <id>9</id>
        <type>LINESTRING</type>
        <wkt>SRID=4326;LINESTRING M(10.0 5.0 1, 20.0 15.0 2, 30.3 22.4 5, 10 30.0 2)</wkt>
    </Element>

    <Element>
        <id>10</id>
        <type>LINESTRING</type>
        <wkt>SRID=4326;LINESTRING ZM(10.0 5.0 1 1, 20.0 15.0 2 3, 30.3 22.4 5 10, 10 30.0 2 12)</wkt>
    </Element>

    <Element>
        <id>11</id>
        <type>MULTILINESTRING</type>
        <wkt>SRID=4326;MULTILINESTRING((10.0 5.0, 20.0 15.0),( 25.0 30.0, 30.0 20.0))</wkt>
    </Element>

    <Element>
        <id>12</id>
        <type>MULTILINESTRING</type>
        <wkt>SRID=4326;MULTILINESTRING((10.0 5.0, 20.0 15.0, 30.3 22.4, 10 30.0), (40.0 20.0, 42.0 18.0, 43.0 16.0, 40
            14.0))
        </wkt>
    </Element>

    <Element>
        <id>13</id>
        <type>MULTILINESTRING</type>
        <wkt>SRID=4326;MULTILINESTRING Z((10.0 5.0 1.0, 20.0 15.0 2.0, 30.3 22.4 1.0, 10 30.0 1.0),(40.0 20.0 0.0, 42.0
            18.0 1.0,
            43.0 16.0 2.0, 40 14.0 3.0))
        </wkt>
    </Element>

    <Element>
        <id>14</id>
        <type>MULTILINESTRING</type>
        <wkt>SRID=4326;MULTILINESTRING ZM((10.0 5.0 1.0 0.0, 20.0 15.0 2.0 0.0, 30.3 22.4 1.0 1.0, 10 30.0 1.0
            2.0),(40.0 20.0 0.0
            3.0, 42.0 18.0 1.0 4.0, 43.0 16.0 2.0 5.0, 40 14.0 3.0 6.0))
        </wkt>
    </Element>

    <Element>
        <id>15</id>
        <type>MULTILINESTRING</type>
        <wkt>SRID=4326;MULTILINESTRING ZM((10.0 5.0 1.0 0.0, 20.0 15.0 2.0 0.0, 30.3 22.4 1.0 1.0, 10 30.0 1.0 2.0))
        </wkt>

    </Element>

    <Element>
        <id>16</id>
        <type>POLYGON</type>
        <wkt>SRID=4326;POLYGON( (0 0, 0 10, 10 10, 10 0, 0 0) )</wkt>

    </Element>
    <Element>
        <id>17</id>
        <type>POLYGON</type>
        <wkt>SRID=4326;POLYGON Z( (0 0 0, 0 10 1, 10 10 1, 10 0 1, 0 0 0) )</wkt>

    </Element>
    <Element>
        <id>18</id>
        <type>POLYGON</type>
        <wkt>SRID=4326;POLYGON( (0 0, 0 10, 10 10, 10 0, 0 0), (2 2, 2 5, 5 5,5 2, 2 2))</wkt>

    </Element>
    <Element>
        <id>19</id>
        <type>POLYGON</type>
        <wkt>SRID=4326;POLYGON( (110 110, 110 120, 120 120, 120 110, 110 110) )</wkt>

    </Element>

    <Element>
        <id>20</id>
        <type>MULTIPOLYGON</type>
        <wkt>SRID=4326;MULTIPOLYGON( ((10 20, 30 40, 44 50, 10 20)), ((105 100, 120 140, 130 134, 105 100)) )</wkt>

    </Element>
    <Element>
        <id>21</id>
        <type>MULTIPOLYGON</type>
        <wkt>SRID=4326;MULTIPOLYGON Z( ((10 20 1, 30 40 2, 44 50 2, 10 20 1)), ((105 100 0, 120 140 10, 130 134 20, 105
            100 0)) )
        </wkt>

    </Element>
    <Element>
        <id>22</id>
        <type>MULTIPOLYGON</type>
        <wkt>SRID=4326;MULTIPOLYGON(( (0 0, 0 50, 50 50, 50 0, 0 0), (10 10, 10 20, 20 20, 20 10, 10 10) ),((105 100,
            120 140, 130
            134, 105 100)) )
        </wkt>
    </Element>

    <Element>
        <id>26</id>
        <type>MULTIPOINT</type>
        <wkt>SRID=4326;MULTIPOINT(21 2)</wkt>
    </Element>
    <Element>
        <id>27</id>
        <type>MULTIPOINT</type>
        <wkt>SRID=4326;MULTIPOINT Z(21 2 1, 25 5 2, 30 3 5)</wkt>
    </Element>
    <Element>
        <id>28</id>
        <type>MULTIPOINT</type>
        <wkt>SRID=4326;MULTIPOINT ZM(21 2 1 0, 25 5 2 4, 30 3 5 2)</wkt>
    </Element>
    <Element>
        <id>50</id>
        <type>POINT</type>
        <wkt>SRID=4326;POINT EMPTY</wkt>
    </Element>
    <Element>
        <id>51</id>
        <type>LINESTRING</type>
        <wkt>SRID=4326;LINESTRING EMPTY</wkt>
    </Element>
    <Element>
        <id>52</id>
        <type>POLYGON</type>
        <wkt>SRID=4326;POLYGON EMPTY</wkt>
    </Element>
    <Element>
        <id>53</id>
        <type>MULTIPOINT</type>
        <wkt>SRID=4326;MULTIPOINT EMPTY</wkt>
    </Element>
    <Element>
        <id>54</id>
        <type>MULTILINESTRING</type>
        <wkt>SRID=4326;MULTILINESTRING EMPTY</wkt>
    </Element>
    <Element>
        <id>55</id>
        <type>MULTIPOLYGON</type>
        <wkt>SRID=4326;MULTIPOLYGON EMPTY</wkt>
    </Element>

</TestData>
