<!--
  ~ SPDX-License-Identifier: Apache-2.0
  ~ Copyright Red Hat Inc. and Hibernate Authors
  -->
<TestData>
    <Element>
        <id>1</id>
        <type>POINT</type>
        <wkt>SRID=4326;POINT(10 5)</wkt>
    </Element>

    <Element>
        <id>2</id>
        <type>POINT</type>
        <wkt>SRID=4326;POINT(52.25 2.53)</wkt>
    </Element>

    <Element>
        <id>5</id>
        <type>LINESTRING</type>
        <wkt>SRID=4326;LINESTRING(10.0 5.0, 20.0 15.0)</wkt>
    </Element>

    <Element>
        <id>6</id>
        <type>LINESTRING</type>
        <wkt>SRID=4326;LINESTRING(10.0 5.0, 20.0 15.0, 30.3 22.4, 10 30.0)</wkt>
    </Element>

    <Element>
        <id>11</id>
        <type>MULTILINESTRING</type>
        <wkt>SRID=4326;MULTILINESTRING((10.0 5.0, 20.0 15.0),( 25.0 30.0, 30.0 20.0))</wkt>
    </Element>

    <Element>
        <id>12</id>
        <type>MULTILINESTRING</type>
        <wkt>SRID=4326;MULTILINESTRING((10.0 5.0, 20.0 15.0, 30.3 22.4, 10 30.0), (40.0 20.0, 42.0 18.0, 43.0 16.0, 40
            14.0))
        </wkt>
    </Element>

    <Element>
        <id>16</id>
        <type>POLYGON</type>
        <wkt>SRID=4326;POLYGON( (0 0, 10 0, 10 10, 0 10, 0 0) )</wkt>
    </Element>

    <Element>
        <id>18</id>
        <type>POLYGON</type>
        <wkt>SRID=4326;POLYGON((0 0, 10 0, 10 10, 0 10, 0 0), (2 2, 2 5, 5 5, 5 2, 2 2))</wkt>
    </Element>

    <Element>
        <id>19</id>
        <type>POLYGON</type>
        <wkt>SRID=4326;POLYGON( (110 110, 120 110, 120 120, 110 120, 110 110) )</wkt>
    </Element>

    <Element>
        <id>20</id>
        <type>MULTIPOLYGON</type>
        <wkt>SRID=4326;MULTIPOLYGON(((105 100, 130 134, 120 140, 105 100)), ((10 20, 44 50, 30 40, 10 20)))</wkt>
    </Element>

    <Element>
        <id>22</id>
        <type>MULTIPOLYGON</type>
        <wkt>SRID=4326;MULTIPOLYGON(((0 0, 50 0, 50 50, 0 50, 0 0), (10 10, 10 20, 20 20, 20 10, 10 10)), ((105 100, 130
            134, 120 140, 105 100)))
        </wkt>
    </Element>

    <Element>
        <id>50</id>
        <type>POINT</type>
        <wkt>SRID=4326;POINT EMPTY</wkt>
    </Element>

    <Element>
        <id>51</id>
        <type>LINESTRING</type>
        <wkt>SRID=4326;LINESTRING EMPTY</wkt>
    </Element>

    <Element>
        <id>52</id>
        <type>POLYGON</type>
        <wkt>SRID=4326;POLYGON EMPTY</wkt>
    </Element>

    <Element>
        <id>53</id>
        <type>MULTIPOINT</type>
        <wkt>SRID=4326;MULTIPOINT EMPTY</wkt>
    </Element>

    <Element>
        <id>54</id>
        <type>MULTILINESTRING</type>
        <wkt>SRID=4326;MULTILINESTRING EMPTY</wkt>
    </Element>

    <Element>
        <id>55</id>
        <type>MULTIPOLYGON</type>
        <wkt>SRID=4326;MULTIPOLYGON EMPTY</wkt>
    </Element>

    <!-- Z, M and ZM Geometries  -->
    <!-- Due to the default definition of the SRID in DB2, the M and Z values need to be whole integers -->
    <Element>
        <id>56</id>
        <type>POINT</type>
        <wkt>SRID=4326;POINT Z(4.23 50.32 10)</wkt>
    </Element>

    <Element>
        <id>57</id>
        <type>POINT</type>
        <wkt>SRID=4326;POINT M(4.23 50.32 10)</wkt>
    </Element>

    <Element>
        <id>58</id>
        <type>POINT</type>
        <wkt>SRID=4326;POINT ZM(4.23 50.32 5 10)</wkt>
    </Element>


</TestData>
