<!--
  ~ SPDX-License-Identifier: Apache-2.0
  ~ Copyright Red Hat Inc. and Hibernate Authors
  -->
<TestData>

    <Element>
        <id>16</id>
        <type>POLYGON</type>
        <wkt>SRID=4326;POLYGON( (0 0, 10 0, 10 10, 0 10, 0 0) )</wkt>
    </Element>

    <Element>
        <id>18</id>
        <type>POLYGON</type>
        <wkt>SRID=4326;POLYGON((0 0, 10 0, 10 10, 0 10, 0 0), (2 2, 2 5, 5 5, 5 2, 2 2))</wkt>
    </Element>

    <Element>
        <id>19</id>
        <type>POLYGON</type>
        <wkt>SRID=4326;POLYGON( (110 110, 120 110, 120 120, 110 120, 110 110) )</wkt>
    </Element>

    <Element>
        <id>20</id>
        <type>MULTIPOLYGON</type>
        <wkt>SRID=4326;MULTIPOLYGON(((105 100, 130 134, 120 140, 105 100)), ((10 20, 44 50, 30 40, 10 20)))</wkt>
    </Element>

    <Element>
        <id>22</id>
        <type>MULTIPOLYGON</type>
        <wkt>SRID=4326;MULTIPOLYGON(((0 0, 50 0, 50 50, 0 50, 0 0), (10 10, 10 20, 20 20, 20 10, 10 10)), ((105 100, 130
            134, 120 140, 105 100)))
        </wkt>
    </Element>

    <Element>
        <id>52</id>
        <type>POLYGON</type>
        <wkt>SRID=4326;POLYGON EMPTY</wkt>
    </Element>

    <Element>
        <id>55</id>
        <type>MULTIPOLYGON</type>
        <wkt>SRID=4326;MULTIPOLYGON EMPTY</wkt>
    </Element>

</TestData>
