<!--
  ~ SPDX-License-Identifier: Apache-2.0
  ~ Copyright Red Hat Inc. and Hibernate Authors
  -->
<TestData>
    <Element>
        <id>1</id>
        <type>POINT</type>
        <wkt>POINT(10 5)</wkt>
    </Element>
    <Element>
        <id>2</id>
        <type>POINT</type>
        <wkt>SRID=4326;POINT(52.25 2.53)</wkt>
    </Element>

    <Element>
        <id>3</id>
        <type>POINT</type>
        <wkt>SRID=31370;POINT(150000 200000)</wkt>
    </Element>

    <Element>
        <id>4</id>
        <type>LINESTRING</type>
        <wkt>SRID=4326;LINESTRING(10.0 5.0, 20.0 15.0)</wkt>
    </Element>

    <Element>
        <id>5</id>
        <type>LINESTRING</type>
        <wkt>SRID=4326;LINESTRING(10.0 5.0, 20.0 15.0, 30.3 22.4, 10 30.0)</wkt>
    </Element>


    <Element>
        <id>6</id>
        <type>MULTILINESTRING</type>
        <wkt>SRID=4326;MULTILINESTRING((10.0 5.0, 20.0 15.0),( 25.0 30.0, 30.0 20.0))</wkt>
    </Element>

    <Element>
        <id>7</id>
        <type>MULTILINESTRING</type>
        <wkt>SRID=4326;MULTILINESTRING((10.0 5.0, 20.0 15.0, 30.3 22.4, 10 30.0), (40.0 20.0, 42.0 18.0, 43.0 16.0, 40
            14.0))
        </wkt>
    </Element>

    <Element>
        <id>8</id>
        <type>POLYGON</type>
        <wkt>SRID=4326;POLYGON( (0 0, 0 10, 10 10, 10 0, 0 0) )</wkt>
    </Element>

    <Element>
        <id>9</id>
        <type>POLYGON</type>
        <wkt>SRID=4326;POLYGON( (0 0, 0 10, 10 10, 10 0, 0 0), (2 2, 2 5, 5 5,5 2, 2 2))</wkt>
    </Element>

    <Element>
        <id>10</id>
        <type>POLYGON</type>
        <wkt>SRID=4326;POLYGON( (110 110, 110 120, 120 120, 120 110, 110 110) )</wkt>
    </Element>

    <Element>
        <id>11</id>
        <type>MULTIPOLYGON</type>
        <wkt>SRID=4326;MULTIPOLYGON( ((10 20, 30 40, 44 50, 10 20)), ((105 100, 120 140, 130 134, 105 100)) )</wkt>
    </Element>


    <Element>
        <id>12</id>
        <type>MULTIPOLYGON</type>
        <wkt>SRID=4326;MULTIPOLYGON(( (0 0, 0 50, 50 50, 50 0, 0 0), (10 10, 10 20, 20 20, 20 10, 10 10) ),((105 100,
            120 140, 130
            134, 105 100)) )
        </wkt>
    </Element>


    <Element>
        <id>13</id>
        <type>MULTIPOINT</type>
        <wkt>SRID=4326;MULTIPOINT(21 2, 25 5, 30 3)</wkt>
    </Element>

    <Element>
        <id>14</id>
        <type>MULTIPOINT</type>
        <wkt>SRID=4326;MULTIPOINT(21 2)</wkt>
    </Element>

    <Element>
        <id>15</id>
        <type>GEOMETRYCOLLECTION</type>
        <wkt>SRID=4326;GEOMETRYCOLLECTION(POINT(4 0), LINESTRING(4 2, 5 3))</wkt>
    </Element>

    <Element>
        <id>16</id>
        <type>GEOMETRYCOLLECTION</type>
        <wkt>SRID=4326;GEOMETRYCOLLECTION(POINT(4 0), LINESTRING(4 2, 5 3), POLYGON((0 0, 3 0, 3 3,0 3, 0 0)))</wkt>
    </Element>

    <Element>
        <id>17</id>
        <type>GEOMETRYCOLLECTION</type>
        <wkt>SRID=4326;GEOMETRYCOLLECTION(POINT(4 0), LINESTRING(4 2, 5 3), POLYGON((0 0, 3 0, 3 3,0 3, 0 0),(1 1, 2 1,
            2 2, 1 2,
            1 1)))
        </wkt>
    </Element>

    <Element>
        <id>18</id>
        <type>GEOMETRYCOLLECTION</type>
        <wkt>SRID=4326;GEOMETRYCOLLECTION( MULTIPOINT(21 2, 25 5, 30 3), MULTIPOLYGON( ((10 20, 30 40, 44 50, 10 20)),
            ((105 100,
            120 140, 130 134, 105 100)) ), MULTILINESTRING((10.0 5.0, 20.0 15.0),( 25.0 30.0, 30.0 20.0)))
        </wkt>
    </Element>

    <Element>
        <id>19</id>
        <type>GEOMETRYCOLLECTION</type>
        <wkt>SRID=4326;GEOMETRYCOLLECTION(POINT(4 0), POINT EMPTY, LINESTRING(4 2, 5 3))</wkt>
    </Element>

    <Element>
        <id>20</id>
        <type>GEOMETRYCOLLECTION</type>
        <wkt>SRID=4326;GEOMETRYCOLLECTION(POINT(4 0), LINESTRING EMPTY, LINESTRING(4 2, 5 3))</wkt>
    </Element>

    <Element>
        <id>21</id>
        <type>GEOMETRYCOLLECTION</type>
        <wkt>SRID=4326;GEOMETRYCOLLECTION(POINT(4 0), GEOMETRYCOLLECTION EMPTY, LINESTRING(4 2, 5 3))</wkt>
    </Element>

    <Element>
        <id>22</id>
        <type>GEOMETRYCOLLECTION</type>
        <wkt>SRID=4326;GEOMETRYCOLLECTION(POINT(4 0), POLYGON EMPTY, LINESTRING(4 2, 5 3))</wkt>
    </Element>

    <Element>
        <id>23</id>
        <type>GEOMETRYCOLLECTION</type>
        <wkt>SRID=4326;GEOMETRYCOLLECTION(POINT(4 0), MULTILINESTRING EMPTY, LINESTRING(4 2, 5 3))</wkt>
    </Element>

    <Element>
        <id>24</id>
        <type>GEOMETRYCOLLECTION</type>
        <wkt>SRID=4326;GEOMETRYCOLLECTION(POINT(4 0), MULTIPOINT EMPTY, LINESTRING(4 2, 5 3))</wkt>
    </Element>

    <Element>
        <id>25</id>
        <type>GEOMETRYCOLLECTION</type>
        <wkt>SRID=4326;GEOMETRYCOLLECTION(POINT(4 0), MULTIPOLYGON EMPTY, LINESTRING(4 2, 5 3))</wkt>
    </Element>

    <Element>
        <id>26</id>
        <type>POINT</type>
        <wkt>POINT EMPTY</wkt>
    </Element>

    <Element>
        <id>27</id>
        <type>LINESTRING</type>
        <wkt>LINESTRING EMPTY</wkt>
    </Element>

    <Element>
        <id>28</id>
        <type>POLYGON</type>
        <wkt>POLYGON EMPTY</wkt>
    </Element>

    <Element>
        <id>29</id>
        <type>MULTIPOINT</type>
        <wkt>MULTIPOINT EMPTY</wkt>
    </Element>

    <Element>
        <id>30</id>
        <type>MULTILINESTRING</type>
        <wkt>MULTILINESTRING EMPTY</wkt>
    </Element>

    <Element>
        <id>31</id>
        <type>MULTIPOLYGON</type>
        <wkt>MULTIPOLYGON EMPTY</wkt>
    </Element>

    <Element>
        <id>32</id>
        <type>GEOMETRYCOLLECTION</type>
        <wkt>GEOMETRYCOLLECTION EMPTY</wkt>
    </Element>

</TestData>
